<?xml version="1.0" encoding="UTF-8"?>
<!-- Generated by org.testng.reporters.JUnitReportReporter -->
<testsuite hostname="DESKTOP-B87AGR5" failures="0" tests="1" name="Test.TestScenario1" time="0.001" errors="0" timestamp="2021-11-29T15:32:11 CST" skipped="0">
  <testcase classname="Test.TestScenario1" name="Demo3" time="0.001"/>
  <system-out/>
</testsuite> <!-- Test.TestScenario1 -->
