<?xml version="1.0" encoding="UTF-8"?>
<!-- Generated by org.testng.reporters.JUnitReportReporter -->
<testsuite hostname="DESKTOP-B87AGR5" failures="0" tests="3" name="Test.TestScenario3" time="0.004" errors="0" timestamp="2021-11-29T15:32:11 CST" skipped="1">
  <testcase classname="Test.TestScenario3" name="TestAPI" time="0.002"/>
  <system-out/>
  <testcase classname="Test.TestScenario3" name="WebLogin" time="0.002"/>
  <system-out/>
  <testcase classname="Test.TestScenario3" name="WebLogin1">
    <skipped/>
  </testcase> <!-- WebLogin1 -->
  <system-out/>
</testsuite> <!-- Test.TestScenario3 -->
